# JRE version: OpenJDK Runtime Environment (22.0.2+9) (build 22.0.2+9-70)
# Java VM: OpenJDK 64-Bit Server VM (22.0.2+9-70, mixed mode, sharing, tiered, compressed oops, compressed class ptrs, g1 gc, windows-amd64)
GC Precious Log:
 CardTable entry size: 512
 Card Set container configuration: InlinePtr #cards 5 size 8 Array Of Cards #cards 12 size 40 Howl #buckets 4 coarsen threshold 1843 Howl Bitmap #cards 512 size 80 coarsen threshold 460 Card regions per heap region 1 cards per card region 2048
 CPUs: 4 total, 4 available
 Memory: 7849M
 Large Page Support: Disabled
 NUMA Support: Disabled
 Compressed Oops: Enabled (32-bit)
 Heap Region Size: 1M
 Heap Min Capacity: 8M
 Heap Initial Capacity: 124M
 Heap Max Capacity: 1964M
 Pre-touch: Disabled
 Parallel Workers: 4
 Concurrent Workers: 1
 Concurrent Refinement Workers: 4
 Periodic GC: Disabled
Heap:
 garbage-first heap   total reserved 2011136K, committed 45056K, used 27683K [0x0000000085400000, 0x0000000100000000)
  region size 1024K, 6 young (6144K), 2 survivors (2048K)
 Metaspace       used 56684K, committed 57280K, reserved 1114112K
  class space    used 7793K, committed 8064K, reserved 1048576K
GC Heap History (20 events):
Event: 12.819 GC heap before
{Heap before GC invocations=3 (full 0):
 garbage-first heap   total reserved 2011136K, committed 126976K, used 33023K [0x0000000085400000, 0x0000000100000000)
  region size 1024K, 28 young (28672K), 4 survivors (4096K)
 Metaspace       used 21229K, committed 21504K, reserved 1114112K
  class space    used 2710K, committed 2816K, reserved 1048576K
}
Event: 12.833 GC heap after
{Heap after GC invocations=4 (full 0):
 garbage-first heap   total reserved 2011136K, committed 126976K, used 12349K [0x0000000085400000, 0x0000000100000000)
  region size 1024K, 6 young (6144K), 6 survivors (6144K)
 Metaspace       used 21229K, committed 21504K, reserved 1114112K
  class space    used 2710K, committed 2816K, reserved 1048576K
}
Event: 15.493 GC heap before
{Heap before GC invocations=5 (full 0):
 garbage-first heap   total reserved 2011136K, committed 45056K, used 32829K [0x0000000085400000, 0x0000000100000000)
  region size 1024K, 26 young (26624K), 6 survivors (6144K)
 Metaspace       used 23563K, committed 23872K, reserved 1114112K
  class space    used 3003K, committed 3136K, reserved 1048576K
}
Event: 15.522 GC heap after
{Heap after GC invocations=6 (full 0):
 garbage-first heap   total reserved 2011136K, committed 45056K, used 14632K [0x0000000085400000, 0x0000000100000000)
  region size 1024K, 4 young (4096K), 4 survivors (4096K)
 Metaspace       used 23563K, committed 23872K, reserved 1114112K
  class space    used 3003K, committed 3136K, reserved 1048576K
}
Event: 20.322 GC heap before
{Heap before GC invocations=6 (full 0):
 garbage-first heap   total reserved 2011136K, committed 45056K, used 34088K [0x0000000085400000, 0x0000000100000000)
  region size 1024K, 23 young (23552K), 4 survivors (4096K)
 Metaspace       used 26348K, committed 26688K, reserved 1114112K
  class space    used 3389K, committed 3520K, reserved 1048576K
}
Event: 20.353 GC heap after
{Heap after GC invocations=7 (full 0):
 garbage-first heap   total reserved 2011136K, committed 45056K, used 16190K [0x0000000085400000, 0x0000000100000000)
  region size 1024K, 2 young (2048K), 2 survivors (2048K)
 Metaspace       used 26348K, committed 26688K, reserved 1114112K
  class space    used 3389K, committed 3520K, reserved 1048576K
}
Event: 25.535 GC heap before
{Heap before GC invocations=7 (full 0):
 garbage-first heap   total reserved 2011136K, committed 45056K, used 35646K [0x0000000085400000, 0x0000000100000000)
  region size 1024K, 21 young (21504K), 2 survivors (2048K)
 Metaspace       used 29734K, committed 30272K, reserved 1114112K
  class space    used 3893K, committed 4096K, reserved 1048576K
}
Event: 25.554 GC heap after
{Heap after GC invocations=8 (full 0):
 garbage-first heap   total reserved 2011136K, committed 45056K, used 18123K [0x0000000085400000, 0x0000000100000000)
  region size 1024K, 3 young (3072K), 3 survivors (3072K)
 Metaspace       used 29734K, committed 30272K, reserved 1114112K
  class space    used 3893K, committed 4096K, reserved 1048576K
}
Event: 28.019 GC heap before
{Heap before GC invocations=8 (full 0):
 garbage-first heap   total reserved 2011136K, committed 45056K, used 36555K [0x0000000085400000, 0x0000000100000000)
  region size 1024K, 21 young (21504K), 3 survivors (3072K)
 Metaspace       used 34507K, committed 35008K, reserved 1114112K
  class space    used 4646K, committed 4864K, reserved 1048576K
}
Event: 28.046 GC heap after
{Heap after GC invocations=9 (full 0):
 garbage-first heap   total reserved 2011136K, committed 45056K, used 19456K [0x0000000085400000, 0x0000000100000000)
  region size 1024K, 1 young (1024K), 1 survivors (1024K)
 Metaspace       used 34507K, committed 35008K, reserved 1114112K
  class space    used 4646K, committed 4864K, reserved 1048576K
}
Event: 28.444 GC heap before
{Heap before GC invocations=9 (full 0):
 garbage-first heap   total reserved 2011136K, committed 45056K, used 22528K [0x0000000085400000, 0x0000000100000000)
  region size 1024K, 5 young (5120K), 1 survivors (1024K)
 Metaspace       used 35532K, committed 35968K, reserved 1114112K
  class space    used 4796K, committed 4992K, reserved 1048576K
}
Event: 28.451 GC heap after
{Heap after GC invocations=10 (full 0):
 garbage-first heap   total reserved 2011136K, committed 45056K, used 19593K [0x0000000085400000, 0x0000000100000000)
  region size 1024K, 2 young (2048K), 2 survivors (2048K)
 Metaspace       used 35532K, committed 35968K, reserved 1114112K
  class space    used 4796K, committed 4992K, reserved 1048576K
}
Event: 31.913 GC heap before
{Heap before GC invocations=11 (full 0):
 garbage-first heap   total reserved 2011136K, committed 45056K, used 38025K [0x0000000085400000, 0x0000000100000000)
  region size 1024K, 20 young (20480K), 2 survivors (2048K)
 Metaspace       used 43573K, committed 44096K, reserved 1114112K
  class space    used 5761K, committed 6016K, reserved 1048576K
}
Event: 31.933 GC heap after
{Heap after GC invocations=12 (full 0):
 garbage-first heap   total reserved 2011136K, committed 45056K, used 21908K [0x0000000085400000, 0x0000000100000000)
  region size 1024K, 3 young (3072K), 3 survivors (3072K)
 Metaspace       used 43573K, committed 44096K, reserved 1114112K
  class space    used 5761K, committed 6016K, reserved 1048576K
}
Event: 35.626 GC heap before
{Heap before GC invocations=12 (full 0):
 garbage-first heap   total reserved 2011136K, committed 45056K, used 37268K [0x0000000085400000, 0x0000000100000000)
  region size 1024K, 19 young (19456K), 3 survivors (3072K)
 Metaspace       used 47847K, committed 48384K, reserved 1114112K
  class space    used 6354K, committed 6592K, reserved 1048576K
}
Event: 35.652 GC heap after
{Heap after GC invocations=13 (full 0):
 garbage-first heap   total reserved 2011136K, committed 45056K, used 22784K [0x0000000085400000, 0x0000000100000000)
  region size 1024K, 2 young (2048K), 2 survivors (2048K)
 Metaspace       used 47847K, committed 48384K, reserved 1114112K
  class space    used 6354K, committed 6592K, reserved 1048576K
}
Event: 37.828 GC heap before
{Heap before GC invocations=13 (full 0):
 garbage-first heap   total reserved 2011136K, committed 45056K, used 39168K [0x0000000085400000, 0x0000000100000000)
  region size 1024K, 18 young (18432K), 2 survivors (2048K)
 Metaspace       used 53088K, committed 53568K, reserved 1114112K
  class space    used 7266K, committed 7488K, reserved 1048576K
}
Event: 37.841 GC heap after
{Heap after GC invocations=14 (full 0):
 garbage-first heap   total reserved 2011136K, committed 45056K, used 23414K [0x0000000085400000, 0x0000000100000000)
  region size 1024K, 2 young (2048K), 2 survivors (2048K)
 Metaspace       used 53088K, committed 53568K, reserved 1114112K
  class space    used 7266K, committed 7488K, reserved 1048576K
}
Event: 40.300 GC heap before
{Heap before GC invocations=15 (full 0):
 garbage-first heap   total reserved 2011136K, committed 45056K, used 39798K [0x0000000085400000, 0x0000000100000000)
  region size 1024K, 18 young (18432K), 2 survivors (2048K)
 Metaspace       used 56226K, committed 56768K, reserved 1114112K
  class space    used 7768K, committed 8000K, reserved 1048576K
}
Event: 40.317 GC heap after
{Heap after GC invocations=16 (full 0):
 garbage-first heap   total reserved 2011136K, committed 45056K, used 24611K [0x0000000085400000, 0x0000000100000000)
  region size 1024K, 2 young (2048K), 2 survivors (2048K)
 Metaspace       used 56226K, committed 56768K, reserved 1114112K
  class space    used 7768K, committed 8000K, reserved 1048576K
}

